<?xml version="1.0" encoding="UTF-8"?>
<!-- Generated by org.testng.reporters.JUnitReportReporter -->
<testsuite hostname="DESKTOP-35QI2EL" failures="0" tests="1" name="airlineTest.TestCase6_economy" time="29.093" errors="0" timestamp="2024-09-04T20:10:47 IST" skipped="0">
  <testcase classname="airlineTest.TestCase6_economy" name="business1" time="29.093"/>
  <system-out/>
</testsuite> <!-- airlineTest.TestCase6_economy -->
