<?xml version="1.0" encoding="UTF-8"?>
<!-- Generated by org.testng.reporters.JUnitReportReporter -->
<testsuite hostname="DESKTOP-35QI2EL" failures="0" tests="1" name="airlineTest.Testcase5_twoway" time="30.341" errors="0" timestamp="2024-09-03T20:33:58 IST" skipped="0">
  <testcase classname="airlineTest.Testcase5_twoway" name="twoway" time="30.341"/>
  <system-out/>
</testsuite> <!-- airlineTest.Testcase5_twoway -->
