<?xml version="1.0" encoding="UTF-8"?>
<!-- Generated by org.testng.reporters.JUnitReportReporter -->
<testsuite hostname="DESKTOP-35QI2EL" failures="0" tests="1" name="airlineTest.Testcase_ContactDetails_11" time="33.273" errors="0" timestamp="2024-09-05T18:11:48 IST" skipped="0">
  <testcase classname="airlineTest.Testcase_ContactDetails_11" name="bookingseat" time="33.273"/>
  <system-out/>
</testsuite> <!-- airlineTest.Testcase_ContactDetails_11 -->
