<?xml version="1.0" encoding="UTF-8"?>
<!-- Generated by org.testng.reporters.JUnitReportReporter -->
<testsuite hostname="DESKTOP-35QI2EL" failures="0" tests="1" name="airlineTest.TestCasecouponcode_13" time="62.199" errors="0" timestamp="2024-09-05T19:50:21 IST" skipped="0">
  <testcase classname="airlineTest.TestCasecouponcode_13" name="CouponCode" time="62.199"/>
  <system-out/>
</testsuite> <!-- airlineTest.TestCasecouponcode_13 -->
