<?xml version="1.0" encoding="UTF-8"?>
<!-- Generated by org.testng.reporters.JUnitReportReporter -->
<testsuite hostname="DESKTOP-35QI2EL" failures="0" tests="2" name="airlineTest.Testcase2_Login" time="82.333" errors="0" timestamp="2024-09-06T18:39:10 IST" skipped="0">
  <testcase classname="airlineTest.Testcase2_Login" name="login1" time="29.195"/>
  <system-out>
    <![CDATA[test case is pass]]>
  </system-out>
  <testcase classname="airlineTest.Testcase2_Login" name="login1" time="53.138"/>
  <system-out>
    <![CDATA[test case is pass]]>
  </system-out>
</testsuite> <!-- airlineTest.Testcase2_Login -->
