<?xml version="1.0" encoding="UTF-8"?>
<!-- Generated by org.testng.reporters.JUnitReportReporter -->
<testsuite hostname="DESKTOP-35QI2EL" failures="0" tests="1" name="airlineTest.Testcase10_Flightinfo" time="36.201" errors="0" timestamp="2024-09-05T15:51:21 IST" skipped="0">
  <testcase classname="airlineTest.Testcase10_Flightinfo" name="bookingdetails" time="36.201"/>
  <system-out/>
</testsuite> <!-- airlineTest.Testcase10_Flightinfo -->
