<?xml version="1.0" encoding="UTF-8"?>
<!-- Generated by org.testng.reporters.JUnitReportReporter -->
<testsuite hostname="DESKTOP-35QI2EL" failures="0" tests="1" name="Selenium2.SeleniumLeaarning.Testcase1" time="0.007" errors="0" timestamp="2024-09-02T11:28:33 IST" skipped="0">
  <testcase classname="Selenium2.SeleniumLeaarning.Testcase1" name="HI" time="0.007"/>
  <system-out/>
</testsuite> <!-- Selenium2.SeleniumLeaarning.Testcase1 -->
