<?xml version="1.0" encoding="UTF-8"?>
<!-- Generated by org.testng.reporters.JUnitReportReporter -->
<testsuite hostname="DESKTOP-35QI2EL" failures="0" tests="2" name="airlineTest.Testcase2_Login" time="66.738" errors="0" timestamp="2024-09-06T18:44:16 IST" skipped="0">
  <testcase classname="airlineTest.Testcase2_Login" name="login1" time="26.350">
    <system-out>
      <![CDATA[test case is pass]]>
    </system-out>
  </testcase> <!-- login1 -->
  <testcase classname="airlineTest.Testcase2_Login" name="login1" time="40.388">
    <system-out>
      <![CDATA[test case is pass]]>
    </system-out>
  </testcase> <!-- login1 -->
  <system-out>
    <![CDATA[test case is pass
test case is pass]]>
  </system-out>
</testsuite> <!-- airlineTest.Testcase2_Login -->
